<?xml version="1.0" encoding="UTF-8"?>
<!-- Generated by org.testng.reporters.JUnitReportReporter -->
<testsuite skipped="0" hostname="krish" name="testngdataprovider.t1" tests="3" failures="0" timestamp="2023-12-18T20:36:23 IST" time="24.902" errors="0">
  <testcase name="DataProvSampleTest" time="9.768" classname="testngdataprovider.t1"/>
  <system-out/>
  <testcase name="DataProvSampleTest" time="6.279" classname="testngdataprovider.t1"/>
  <system-out/>
  <testcase name="DataProvSampleTest" time="8.855" classname="testngdataprovider.t1"/>
  <system-out/>
</testsuite> <!-- testngdataprovider.t1 -->
