<?xml version="1.0" encoding="UTF-8"?>
<!-- Generated by org.testng.reporters.JUnitReportReporter -->
<testsuite skipped="0" hostname="krish" name="testnannotations.a1" tests="2" failures="0" timestamp="2023-12-12T20:55:45 IST" time="4.834" errors="0">
  <testcase name="t1" time="1.910" classname="testnannotations.a1"/>
  <system-out/>
  <testcase name="t2" time="2.924" classname="testnannotations.a1"/>
  <system-out/>
</testsuite> <!-- testnannotations.a1 -->
